[ for case 0] : left=-3.00961 right=1.70148 low=-7.10209 up=5.05983
srun -p batch -N 1 -n 1 -c 1 ./ms_seq 1 -3.00961 1.70148 -7.10209 5.05983 1280 720 seq2.png

real	0m12.538s
user	0m0.005s
sys	0m0.009s
srun -p batch -N 2 -n 8 -c 1 ./ms_mpi_static 1 -3.00961 1.70148 -7.10209 5.05983 1280 720 stc2.png
1, 1.3526070117950439, 1.3493227958679199, 0.0000000000000000, 0.0014600753784180
2, 1.3537449836730957, 1.3486828804016113, 0.0000000000000000, 0.0036020278930664
4, 1.3542850017547607, 1.3479690551757812, 0.0000000000000000, 0.0049710273742676
3, 1.3543868064880371, 1.3475229740142822, 0.0000000000000000, 0.0050690174102783
6, 1.3545758724212646, 1.3465471267700195, 0.0000000000000000, 0.0066971778869629
5, 1.3546199798583984, 1.3436698913574219, 0.0000000000000000, 0.0094408988952637
7, 1.3548979759216309, 1.3465049266815186, 0.0000000000000000, 0.0069320201873779
0, 1.4090518951416016, 1.3491330146789551, 0.0540719032287598, 0.0043361186981201

real	0m1.789s
user	0m0.015s
sys	0m0.020s
srun -p batch -N 2 -n 8 -c 1 ./ms_mpi_dynamic 1 -3.00961 1.70148 -7.10209 5.05983 1280 720 dyn2.png
5, 0.5262179374694824, 0.5239279270172119, 0.0000000000000000, 0.0022580623626709
7, 0.8205411434173584, 0.8193912506103516, 0.0000000000000000, 0.0011196136474609
2, 1.2611849308013916, 1.2605390548706055, 0.0000000000000000, 0.0006208419799805
1, 1.5395910739898682, 1.5386850833892822, 0.0000000000000000, 0.0008769035339355
3, 1.8494539260864258, 1.8485121726989746, 0.0000000000000000, 0.0009129047393799
4, 2.2833900451660156, 2.2825260162353516, 0.0000000000000000, 0.0008261203765869
6, 2.4887120723724365, 2.4878799915313721, 0.0000000000000000, 0.0008029937744141
0, 2.5432040691375732, 2.4871640205383301, 0.0542371273040771, 0.0016610622406006

real	0m2.924s
user	0m0.009s
sys	0m0.024s
srun -p batch -N 1 -n 1 -c 12 ./ms_omp 12 -3.00961 1.70148 -7.10209 5.05983 1280 720 omp2.png
0, 1.0235385140404105, 0.9693792015314102, 0.0538322972133756, 0.0000000000000000

real	0m1.104s
user	0m0.003s
sys	0m0.011s
srun -p batch -N 2 -n 4 -c 4 ./ms_hybrid 4 -3.00961 1.70148 -7.10209 5.05983 1280 720 hyb2.png
1, 2.6960198879241943, 2.6863219738006592, 0.0000000000000000, 0.0073840618133545
2, 2.6956861019134521, 2.6910839080810547, 0.0000000000000000, 0.0030989646911621
3, 2.6977460384368896, 2.6887469291687012, 0.0000000000000000, 0.0074341297149658
0, 2.7547569274902344, 2.6916391849517822, 0.0570647716522217, 0.0042281150817871

real	0m3.087s
user	0m0.012s
sys	0m0.017s
case done -> verifying...
100.00%
program ms_mpi_static: [ pass ]
100.00%
program ms_mpi_dynamic: [ pass ]
100.00%
program ms_omp: [ pass ]
100.00%
program ms_hybrid: [ pass ]
case 0: [ pass ]
[ for case 1] : left=-5.99234 right=6.14602 low=5.87621 up=9.35593
srun -p batch -N 1 -n 1 -c 1 ./ms_seq 1 -5.99234 6.14602 5.87621 9.35593 1280 720 seq2.png

real	0m0.128s
user	0m0.007s
sys	0m0.005s
srun -p batch -N 2 -n 8 -c 1 ./ms_mpi_static 1 -5.99234 6.14602 5.87621 9.35593 1280 720 stc2.png
1, 0.0061118602752686, 0.0027401447296143, 0.0000000000000000, 0.0020079612731934
2, 0.0073158740997314, 0.0031111240386963, 0.0000000000000000, 0.0027651786804199
3, 0.0081048011779785, 0.0027430057525635, 0.0000000000000000, 0.0040011405944824
4, 0.0081269741058350, 0.0027501583099365, 0.0000000000000000, 0.0040230751037598
6, 0.0082879066467285, 0.0027339458465576, 0.0000000000000000, 0.0041229724884033
5, 0.0083408355712891, 0.0030767917633057, 0.0000000000000000, 0.0037419795989990
7, 0.0089337825775146, 0.0031058788299561, 0.0000000000000000, 0.0043430328369141
0, 0.0600869655609131, 0.0031569004058838, 0.0510568618774414, 0.0043210983276367

real	0m0.437s
user	0m0.013s
sys	0m0.021s
srun -p batch -N 2 -n 8 -c 1 ./ms_mpi_dynamic 1 -5.99234 6.14602 5.87621 9.35593 1280 720 dyn2.png
1, 0.0029730796813965, 0.0014109611511230, 0.0000000000000000, 0.0015320777893066
2, 0.0030040740966797, 0.0013921260833740, 0.0000000000000000, 0.0015809535980225
4, 0.0031018257141113, 0.0011658668518066, 0.0000000000000000, 0.0019052028656006
3, 0.0030748844146729, 0.0013267993927002, 0.0000000000000000, 0.0017170906066895
6, 0.0032069683074951, 0.0001170635223389, 0.0000000000000000, 0.0030627250671387
5, 0.0035049915313721, 0.0001530647277832, 0.0000000000000000, 0.0033178329467773
7, 0.0036201477050781, 0.0001478195190430, 0.0000000000000000, 0.0034410953521729
0, 0.0548868179321289, 0.0004782676696777, 0.0514581203460693, 0.0027024745941162

real	0m0.430s
user	0m0.010s
sys	0m0.023s
srun -p batch -N 1 -n 1 -c 12 ./ms_omp 12 -5.99234 6.14602 5.87621 9.35593 1280 720 omp2.png
0, 0.1326278802007437, 0.0812738584354520, 0.0506928134709597, 0.0000000000000000

real	0m0.204s
user	0m0.008s
sys	0m0.007s
srun -p batch -N 2 -n 4 -c 4 ./ms_hybrid 4 -5.99234 6.14602 5.87621 9.35593 1280 720 hyb2.png
2, 0.0066931247711182, 0.0021581649780273, 0.0000000000000000, 0.0031518936157227
1, 0.0067050457000732, 0.0023279190063477, 0.0000000000000000, 0.0027329921722412
3, 0.0086879730224609, 0.0023069381713867, 0.0000000000000000, 0.0047490596771240
0, 0.0605750083923340, 0.0019459724426270, 0.0517950057983398, 0.0050988197326660

real	0m0.389s
user	0m0.012s
sys	0m0.016s
case done -> verifying...
100.00%
program ms_mpi_static: [ pass ]
100.00%
program ms_mpi_dynamic: [ pass ]
100.00%
program ms_omp: [ pass ]
100.00%
program ms_hybrid: [ pass ]
case 1: [ pass ]
pass 2/2
[ ALL PASS ] 
